<?xml version="1.0" encoding="UTF-8"?>
<!-- Generated by org.testng.reporters.JUnitReportReporter -->
<testsuite skipped="0" hostname="computer" name="com.health.TestCases.Launch" tests="1" failures="0" timestamp="21 Jun 2020 03:15:32 GMT" time="18.775" errors="0">
  <testcase name="loginapp" time="18.775" classname="com.health.TestCases.Launch"/>
</testsuite> <!-- com.health.TestCases.Launch -->
