<?xml version="1.0" encoding="UTF-8"?>
<!-- Generated by org.testng.reporters.JUnitReportReporter -->
<testsuite skipped="0" hostname="computer" name="com.health.TestCases.Login" tests="1" failures="0" timestamp="19 Jun 2020 03:06:03 GMT" time="13.912" errors="0">
  <testcase name="loginapp" time="13.912" classname="com.health.TestCases.Login"/>
</testsuite> <!-- com.health.TestCases.Login -->
